#
# There is insufficient memory for the Java Runtime Environment to continue.
# Native memory allocation (malloc) failed to allocate 32744 bytes for ChunkPool::allocate
# Possible reasons:
#   The system is out of physical RAM or swap space
#   In 32 bit mode, the process size limit was hit
# Possible solutions:
#   Reduce memory load on the system
#   Increase physical memory or swap space
#   Check if swap backing store is full
#   Use 64 bit Java on a 64 bit OS
#   Decrease Java heap size (-Xmx/-Xms)
#   Decrease number of Java threads
#   Decrease Java thread stack sizes (-Xss)
#   Set larger code cache with -XX:ReservedCodeCacheSize=
# This output file may be truncated or incomplete.
#
#  Out of Memory Error (allocation.cpp:273), pid=9540, tid=7800
#
# JRE version: Java(TM) SE Runtime Environment (8.0_74-b02) (build 1.8.0_74-b02)
# Java VM: Java HotSpot(TM) 64-Bit Server VM (25.74-b02 mixed mode windows-amd64 compressed oops)
# Failed to write core dump. Minidumps are not enabled by default on client versions of Windows
#

---------------  T H R E A D  ---------------

Current thread (0x0000000018603000):  JavaThread "C2 CompilerThread1" daemon [_thread_in_native, id=7800, stack(0x0000000018cb0000,0x0000000018db0000)]

Stack: [0x0000000018cb0000,0x0000000018db0000]
[error occurred during error reporting (printing stack bounds), id 0xc0000005]

Native frames: (J=compiled Java code, j=interpreted, Vv=VM code, C=native code)


Current CompileTask:
C2:6195178 8368       4      
[error occurred during error reporting (printing current compile task), id 0xe0000001]


---------------  P R O C E S S  ---------------

Java Threads: ( => current thread )
  0x000000001b124000 JavaThread "qtp797526745-48" [_thread_blocked, id=2772, stack(0x000000002ff30000,0x0000000030030000)]
  0x000000001b127000 JavaThread "qtp797526745-47" [_thread_blocked, id=7880, stack(0x000000001f550000,0x000000001f650000)]
  0x000000001b123800 JavaThread "Scheduler-1043773344" [_thread_blocked, id=8772, stack(0x000000002f530000,0x000000002f630000)]
  0x000000001b122800 JavaThread "Scanner-0" daemon [_thread_in_native, id=12060, stack(0x000000002fb30000,0x000000002fc30000)]
  0x000000001b121000 JavaThread "HashSessionScavenger-1" daemon [_thread_blocked, id=9120, stack(0x000000002fa30000,0x000000002fb30000)]
  0x000000001b234800 JavaThread "Abandoned connection cleanup thread" daemon [_thread_blocked, id=7904, stack(0x000000002e130000,0x000000002e230000)]
  0x000000001c439000 JavaThread "qtp797526745-26-selector-3" [_thread_in_native, id=3812, stack(0x000000001f350000,0x000000001f450000)]
  0x0000000019c9d000 JavaThread "qtp797526745-25-acceptor-1-MavenServerConnector@5e714b78{HTTP/1.1}{0.0.0.0:9999}" [_thread_in_native, id=11296, stack(0x000000001f250000,0x000000001f350000)]
  0x0000000019d98000 JavaThread "qtp797526745-24-acceptor-0-MavenServerConnector@5e714b78{HTTP/1.1}{0.0.0.0:9999}" [_thread_blocked, id=3204, stack(0x000000001f150000,0x000000001f250000)]
  0x0000000018698000 JavaThread "qtp797526745-23-selector-1" [_thread_in_native, id=4736, stack(0x000000001f050000,0x000000001f150000)]
  0x000000001badb000 JavaThread "qtp797526745-22-selector-2" [_thread_in_native, id=12116, stack(0x000000001dd80000,0x000000001de80000)]
  0x000000001bf5a800 JavaThread "qtp797526745-21-selector-0" [_thread_in_native, id=11408, stack(0x000000001dc80000,0x000000001dd80000)]
  0x000000001b191000 JavaThread "DateCache" daemon [_thread_blocked, id=8608, stack(0x000000001bfe0000,0x000000001c0e0000)]
  0x00000000186a8000 JavaThread "Monitor Ctrl-Break" daemon [_thread_in_native, id=8072, stack(0x00000000190d0000,0x00000000191d0000)]
  0x0000000018610800 JavaThread "Service Thread" daemon [_thread_blocked, id=9640, stack(0x0000000018eb0000,0x0000000018fb0000)]
  0x0000000018609800 JavaThread "C1 CompilerThread2" daemon [_thread_blocked, id=9196, stack(0x0000000018db0000,0x0000000018eb0000)]
=>0x0000000018603000 JavaThread "C2 CompilerThread1" daemon [_thread_in_native, id=7800, stack(0x0000000018cb0000,0x0000000018db0000)]
  0x0000000017269800 JavaThread "C2 CompilerThread0" daemon [_thread_blocked, id=3424, stack(0x0000000018bb0000,0x0000000018cb0000)]
  0x0000000017268000 JavaThread "Attach Listener" daemon [_thread_blocked, id=11244, stack(0x0000000018ab0000,0x0000000018bb0000)]
  0x00000000185b8800 JavaThread "Signal Dispatcher" daemon [_thread_blocked, id=2148, stack(0x00000000189b0000,0x0000000018ab0000)]
  0x000000000266a000 JavaThread "Finalizer" daemon [_thread_blocked, id=10820, stack(0x0000000018460000,0x0000000018560000)]
  0x00000000171d8800 JavaThread "Reference Handler" daemon [_thread_blocked, id=4440, stack(0x0000000018360000,0x0000000018460000)]
  0x0000000002570800 JavaThread "main" [_thread_blocked, id=8232, stack(0x0000000002110000,0x0000000002210000)]

Other Threads:
  0x00000000171d7000 VMThread [stack: 0x0000000018260000,0x0000000018360000] [id=11700]
  0x000000001866e000 WatcherThread [stack: 0x0000000018fb0000,0x00000000190b0000] [id=12100]

VM state:not at safepoint (normal execution)

VM Mutex/Monitor currently owned by a thread: None

Heap:
 PSYoungGen      total 452096K, used 327107K [0x00000000d5a00000, 0x00000000f8280000, 0x0000000100000000)
  eden space 369664K, 68% used [0x00000000d5a00000,0x00000000e5227cc0,0x00000000ec300000)
  from space 82432K, 88% used [0x00000000f1a00000,0x00000000f6149058,0x00000000f6a80000)
  to   space 89088K, 0% used [0x00000000ec300000,0x00000000ec300000,0x00000000f1a00000)
 ParOldGen       total 224256K, used 100485K [0x0000000080e00000, 0x000000008e900000, 0x00000000d5a00000)
  object space 224256K, 44% used [0x0000000080e00000,0x0000000087021668,0x000000008e900000)
 Metaspace       used 61672K, capacity 62434K, committed 62936K, reserved 1103872K
  class space    used 7408K, capacity 7635K, committed 7680K, reserved 1048576K

Card table byte_map: [0x0000000011a30000,0x0000000011e30000] byte_map_base: 0x0000000011629000

Marking Bits: (ParMarkBitMap*) 0x000000006f980600
 Begin Bits: [0x00000000124e0000, 0x00000000144a8000)
 End Bits:   [0x00000000144a8000, 0x0000000016470000)

Polling page: 0x00000000020e0000

CodeCache: size=245760Kb used=24176Kb max_used=24387Kb free=221583Kb
 bounds [0x0000000002670000, 0x0000000003e70000, 0x0000000011670000]
 total_blobs=7335 nmethods=6749 adapters=497
 compilation: enabled

Compilation events (10 events):
Event: 6190.092 Thread 0x0000000018609800 nmethod 8364 0x0000000003e4c850 code [0x0000000003e4ca00, 0x0000000003e4cf68]
Event: 6190.092 Thread 0x0000000018609800 8365       3       java.util.ArrayList$SubList$1::checkForComodification (26 bytes)
Event: 6190.092 Thread 0x0000000018609800 nmethod 8365 0x0000000002fbf510 code [0x0000000002fbf680, 0x0000000002fbf8e8]
Event: 6193.644 Thread 0x0000000018609800 8366       3       com.sun.org.apache.xerces.internal.util.ParserConfigurationSettings::getProperty (31 bytes)
Event: 6193.644 Thread 0x0000000018609800 nmethod 8366 0x0000000003e4b9d0 code [0x0000000003e4bb60, 0x0000000003e4bf78]
Event: 6193.645 Thread 0x0000000018609800 8367 %     3       com.sun.org.apache.xerces.internal.impl.XMLDocumentFragmentScannerImpl::scanDocument @ 13 (272 bytes)
Event: 6193.646 Thread 0x0000000018609800 nmethod 8367% 0x00000000030b56d0 code [0x00000000030b59c0, 0x00000000030b72a8]
Event: 6193.646 Thread 0x0000000018603000 8368       4       org.eclipse.jetty.xml.XmlParser$Handler::characters (81 bytes)
Event: 6193.647 Thread 0x0000000018609800 8369       1       org.eclipse.jetty.xml.XmlParser$Attribute::getName (5 bytes)
Event: 6193.647 Thread 0x0000000018609800 nmethod 8369 0x0000000002d23ad0 code [0x0000000002d23c20, 0x0000000002d23d30]

GC Heap History (10 events):
Event: 6164.653 GC heap before
{Heap before GC invocations=25 (full 5):
 PSYoungGen      total 365056K, used 333824K [0x00000000d5a00000, 0x00000000f8c80000, 0x0000000100000000)
  eden space 333824K, 100% used [0x00000000d5a00000,0x00000000ea000000,0x00000000ea000000)
  from space 31232K, 0% used [0x00000000ee900000,0x00000000ee900000,0x00000000f0780000)
  to   space 74752K, 0% used [0x00000000ea000000,0x00000000ea000000,0x00000000ee900000)
 ParOldGen       total 131584K, used 106734K [0x0000000080e00000, 0x0000000088e80000, 0x00000000d5a00000)
  object space 131584K, 81% used [0x0000000080e00000,0x000000008763ba00,0x0000000088e80000)
 Metaspace       used 61594K, capacity 62352K, committed 62936K, reserved 1103872K
  class space    used 7405K, capacity 7629K, committed 7680K, reserved 1048576K
Event: 6164.825 GC heap after
Heap after GC invocations=25 (full 5):
 PSYoungGen      total 365056K, used 0K [0x00000000d5a00000, 0x00000000f8c80000, 0x0000000100000000)
  eden space 333824K, 0% used [0x00000000d5a00000,0x00000000d5a00000,0x00000000ea000000)
  from space 31232K, 0% used [0x00000000ee900000,0x00000000ee900000,0x00000000f0780000)
  to   space 74752K, 0% used [0x00000000ea000000,0x00000000ea000000,0x00000000ee900000)
 ParOldGen       total 224256K, used 100469K [0x0000000080e00000, 0x000000008e900000, 0x00000000d5a00000)
  object space 224256K, 44% used [0x0000000080e00000,0x000000008701d668,0x000000008e900000)
 Metaspace       used 61594K, capacity 62352K, committed 62936K, reserved 1103872K
  class space    used 7405K, capacity 7629K, committed 7680K, reserved 1048576K
}
Event: 6172.296 GC heap before
{Heap before GC invocations=26 (full 5):
 PSYoungGen      total 365056K, used 333824K [0x00000000d5a00000, 0x00000000f8c80000, 0x0000000100000000)
  eden space 333824K, 100% used [0x00000000d5a00000,0x00000000ea000000,0x00000000ea000000)
  from space 31232K, 0% used [0x00000000ee900000,0x00000000ee900000,0x00000000f0780000)
  to   space 74752K, 0% used [0x00000000ea000000,0x00000000ea000000,0x00000000ee900000)
 ParOldGen       total 224256K, used 100469K [0x0000000080e00000, 0x000000008e900000, 0x00000000d5a00000)
  object space 224256K, 44% used [0x0000000080e00000,0x000000008701d668,0x000000008e900000)
 Metaspace       used 61630K, capacity 62358K, committed 62936K, reserved 1103872K
  class space    used 7406K, capacity 7631K, committed 7680K, reserved 1048576K
Event: 6172.355 GC heap after
Heap after GC invocations=26 (full 5):
 PSYoungGen      total 408576K, used 63326K [0x00000000d5a00000, 0x00000000f6a80000, 0x0000000100000000)
  eden space 333824K, 0% used [0x00000000d5a00000,0x00000000d5a00000,0x00000000ea000000)
  from space 74752K, 84% used [0x00000000ea000000,0x00000000eddd79f0,0x00000000ee900000)
  to   space 82432K, 0% used [0x00000000f1a00000,0x00000000f1a00000,0x00000000f6a80000)
 ParOldGen       total 224256K, used 100477K [0x0000000080e00000, 0x000000008e900000, 0x00000000d5a00000)
  object space 224256K, 44% used [0x0000000080e00000,0x000000008701f668,0x000000008e900000)
 Metaspace       used 61630K, capacity 62358K, committed 62936K, reserved 1103872K
  class space    used 7406K, capacity 7631K, committed 7680K, reserved 1048576K
}
Event: 6173.890 GC heap before
{Heap before GC invocations=27 (full 5):
 PSYoungGen      total 408576K, used 397150K [0x00000000d5a00000, 0x00000000f6a80000, 0x0000000100000000)
  eden space 333824K, 100% used [0x00000000d5a00000,0x00000000ea000000,0x00000000ea000000)
  from space 74752K, 84% used [0x00000000ea000000,0x00000000eddd79f0,0x00000000ee900000)
  to   space 82432K, 0% used [0x00000000f1a00000,0x00000000f1a00000,0x00000000f6a80000)
 ParOldGen       total 224256K, used 100477K [0x0000000080e00000, 0x000000008e900000, 0x00000000d5a00000)
  object space 224256K, 44% used [0x0000000080e00000,0x000000008701f668,0x000000008e900000)
 Metaspace       used 61630K, capacity 62358K, committed 62936K, reserved 1103872K
  class space    used 7406K, capacity 7631K, committed 7680K, reserved 1048576K
Event: 6173.960 GC heap after
Heap after GC invocations=27 (full 5):
 PSYoungGen      total 452096K, used 63604K [0x00000000d5a00000, 0x00000000f8280000, 0x0000000100000000)
  eden space 369664K, 0% used [0x00000000d5a00000,0x00000000d5a00000,0x00000000ec300000)
  from space 82432K, 77% used [0x00000000f1a00000,0x00000000f581d048,0x00000000f6a80000)
  to   space 89088K, 0% used [0x00000000ec300000,0x00000000ec300000,0x00000000f1a00000)
 ParOldGen       total 224256K, used 100477K [0x0000000080e00000, 0x000000008e900000, 0x00000000d5a00000)
  object space 224256K, 44% used [0x0000000080e00000,0x000000008701f668,0x000000008e900000)
 Metaspace       used 61630K, capacity 62358K, committed 62936K, reserved 1103872K
  class space    used 7406K, capacity 7631K, committed 7680K, reserved 1048576K
}
Event: 6187.015 GC heap before
{Heap before GC invocations=28 (full 5):
 PSYoungGen      total 452096K, used 433268K [0x00000000d5a00000, 0x00000000f8280000, 0x0000000100000000)
  eden space 369664K, 100% used [0x00000000d5a00000,0x00000000ec300000,0x00000000ec300000)
  from space 82432K, 77% used [0x00000000f1a00000,0x00000000f581d048,0x00000000f6a80000)
  to   space 89088K, 0% used [0x00000000ec300000,0x00000000ec300000,0x00000000f1a00000)
 ParOldGen       total 224256K, used 100477K [0x0000000080e00000, 0x000000008e900000, 0x00000000d5a00000)
  object space 224256K, 44% used [0x0000000080e00000,0x000000008701f668,0x000000008e900000)
 Metaspace       used 61668K, capacity 62434K, committed 62936K, reserved 1103872K
  class space    used 7408K, capacity 7635K, committed 7680K, reserved 1048576K
Event: 6187.084 GC heap after
Heap after GC invocations=28 (full 5):
 PSYoungGen      total 458752K, used 71692K [0x00000000d5a00000, 0x00000000f8280000, 0x0000000100000000)
  eden space 369664K, 0% used [0x00000000d5a00000,0x00000000d5a00000,0x00000000ec300000)
  from space 89088K, 80% used [0x00000000ec300000,0x00000000f09030c0,0x00000000f1a00000)
  to   space 82432K, 0% used [0x00000000f1a00000,0x00000000f1a00000,0x00000000f6a80000)
 ParOldGen       total 224256K, used 100485K [0x0000000080e00000, 0x000000008e900000, 0x00000000d5a00000)
  object space 224256K, 44% used [0x0000000080e00000,0x0000000087021668,0x000000008e900000)
 Metaspace       used 61668K, capacity 62434K, committed 62936K, reserved 1103872K
  class space    used 7408K, capacity 7635K, committed 7680K, reserved 1048576K
}
Event: 6188.609 GC heap before
{Heap before GC invocations=29 (full 5):
 PSYoungGen      total 458752K, used 441356K [0x00000000d5a00000, 0x00000000f8280000, 0x0000000100000000)
  eden space 369664K, 100% used [0x00000000d5a00000,0x00000000ec300000,0x00000000ec300000)
  from space 89088K, 80% used [0x00000000ec300000,0x00000000f09030c0,0x00000000f1a00000)
  to   space 82432K, 0% used [0x00000000f1a00000,0x00000000f1a00000,0x00000000f6a80000)
 ParOldGen       total 224256K, used 100485K [0x0000000080e00000, 0x000000008e900000, 0x00000000d5a00000)
  object space 224256K, 44% used [0x0000000080e00000,0x0000000087021668,0x000000008e900000)
 Metaspace       used 61668K, capacity 62434K, committed 62936K, reserved 1103872K
  class space    used 7408K, capacity 7635K, committed 7680K, reserved 1048576K
Event: 6188.678 GC heap after
Heap after GC invocations=29 (full 5):
 PSYoungGen      total 452096K, used 72996K [0x00000000d5a00000, 0x00000000f8280000, 0x0000000100000000)
  eden space 369664K, 0% used [0x00000000d5a00000,0x00000000d5a00000,0x00000000ec300000)
  from space 82432K, 88% used [0x00000000f1a00000,0x00000000f6149058,0x00000000f6a80000)
  to   space 89088K, 0% used [0x00000000ec300000,0x00000000ec300000,0x00000000f1a00000)
 ParOldGen       total 224256K, used 100485K [0x0000000080e00000, 0x000000008e900000, 0x00000000d5a00000)
  object space 224256K, 44% used [0x0000000080e00000,0x0000000087021668,0x000000008e900000)
 Metaspace       used 61668K, capacity 62434K, committed 62936K, reserved 1103872K
  class space    used 7408K, capacity 7635K, committed 7680K, reserved 1048576K
}

Deoptimization events (10 events):
Event: 6161.076 Thread 0x000000001b122800 Uncommon trap: reason=unstable_if action=reinterpret pc=0x000000000341a5c8 method=org.eclipse.jetty.webapp.MetaInfConfiguration.processEntry(Lorg/eclipse/jetty/webapp/WebAppContext;Ljava/net/URI;Ljava/util/jar/JarEntry;)V @ 24
Event: 6162.970 Thread 0x000000000266a000 Uncommon trap: reason=unstable_if action=reinterpret pc=0x000000000365aa14 method=org.eclipse.jetty.util.resource.JarFileResource.release()V @ 26
Event: 6176.793 Thread 0x000000001b122800 Uncommon trap: reason=speculate_class_check action=maybe_recompile pc=0x0000000002afb0f0 method=java.nio.charset.CharsetDecoder.reset()Ljava/nio/charset/CharsetDecoder; @ 1
Event: 6177.761 Thread 0x000000001b122800 Uncommon trap: reason=speculate_class_check action=maybe_recompile pc=0x0000000002afb0f0 method=java.nio.charset.CharsetDecoder.reset()Ljava/nio/charset/CharsetDecoder; @ 1
Event: 6186.041 Thread 0x000000001b122800 Uncommon trap: reason=speculate_class_check action=maybe_recompile pc=0x0000000002afb0f0 method=java.nio.charset.CharsetDecoder.reset()Ljava/nio/charset/CharsetDecoder; @ 1
Event: 6186.996 Thread 0x000000001b122800 Uncommon trap: reason=speculate_class_check action=maybe_recompile pc=0x0000000002afb0f0 method=java.nio.charset.CharsetDecoder.reset()Ljava/nio/charset/CharsetDecoder; @ 1
Event: 6187.175 Thread 0x000000001b122800 Uncommon trap: reason=class_check action=maybe_recompile pc=0x0000000003473d40 method=sun.reflect.DelegatingConstructorAccessorImpl.newInstance([Ljava/lang/Object;)Ljava/lang/Object; @ 5
Event: 6187.175 Thread 0x000000001b122800 Uncommon trap: reason=class_check action=maybe_recompile pc=0x0000000003473d40 method=sun.reflect.DelegatingConstructorAccessorImpl.newInstance([Ljava/lang/Object;)Ljava/lang/Object; @ 5
Event: 6187.175 Thread 0x000000001b122800 Uncommon trap: reason=class_check action=maybe_recompile pc=0x0000000003473d40 method=sun.reflect.DelegatingConstructorAccessorImpl.newInstance([Ljava/lang/Object;)Ljava/lang/Object; @ 5
Event: 6187.176 Thread 0x000000001b122800 Uncommon trap: reason=class_check action=maybe_recompile pc=0x0000000003473d40 method=sun.reflect.DelegatingConstructorAccessorImpl.newInstance([Ljava/lang/Object;)Ljava/lang/Object; @ 5

Internal exceptions (10 events):
Event: 6187.000 Thread 0x000000001b122800 Exception <a 'java/lang/ClassNotFoundException': sun/net/www/protocol/d/Handler> (0x00000000ebe57420) thrown at [C:\re\workspace\8-2-build-windows-amd64-cygwin\jdk8u74\6087\hotspot\src\share\vm\classfile\systemDictionary.cpp, line 210]
Event: 6187.000 Thread 0x000000001b122800 Exception <a 'java/lang/ClassNotFoundException': sun/net/www/protocol/d/Handler> (0x00000000ebe597c8) thrown at [C:\re\workspace\8-2-build-windows-amd64-cygwin\jdk8u74\6087\hotspot\src\share\vm\classfile\systemDictionary.cpp, line 210]
Event: 6187.000 Thread 0x000000001b122800 Exception <a 'java/lang/ClassNotFoundException': sun/net/www/protocol/d/Handler> (0x00000000ebe5b8c8) thrown at [C:\re\workspace\8-2-build-windows-amd64-cygwin\jdk8u74\6087\hotspot\src\share\vm\classfile\systemDictionary.cpp, line 210]
Event: 6187.000 Thread 0x000000001b122800 Exception <a 'java/lang/ClassNotFoundException': sun/net/www/protocol/d/Handler> (0x00000000ebe5da98) thrown at [C:\re\workspace\8-2-build-windows-amd64-cygwin\jdk8u74\6087\hotspot\src\share\vm\classfile\systemDictionary.cpp, line 210]
Event: 6187.000 Thread 0x000000001b122800 Exception <a 'java/lang/ClassNotFoundException': sun/net/www/protocol/d/Handler> (0x00000000ebe5fa50) thrown at [C:\re\workspace\8-2-build-windows-amd64-cygwin\jdk8u74\6087\hotspot\src\share\vm\classfile\systemDictionary.cpp, line 210]
Event: 6187.000 Thread 0x000000001b122800 Exception <a 'java/lang/ClassNotFoundException': sun/net/www/protocol/d/Handler> (0x00000000ebe61800) thrown at [C:\re\workspace\8-2-build-windows-amd64-cygwin\jdk8u74\6087\hotspot\src\share\vm\classfile\systemDictionary.cpp, line 210]
Event: 6187.005 Thread 0x000000001b122800 Exception <a 'java/security/PrivilegedActionException'> (0x00000000ebf4ebb0) thrown at [C:\re\workspace\8-2-build-windows-amd64-cygwin\jdk8u74\6087\hotspot\src\share\vm\prims\jvm.cpp, line 1386]
Event: 6187.005 Thread 0x000000001b122800 Exception <a 'java/security/PrivilegedActionException'> (0x00000000ebf4efa8) thrown at [C:\re\workspace\8-2-build-windows-amd64-cygwin\jdk8u74\6087\hotspot\src\share\vm\prims\jvm.cpp, line 1386]
Event: 6190.092 Thread 0x000000001b122800 Exception <a 'java/lang/OutOfMemoryError'> (0x00000000e4d239a0) thrown at [C:\re\workspace\8-2-build-windows-amd64-cygwin\jdk8u74\6087\hotspot\src\share\vm\prims\jni.cpp, line 735]
Event: 6193.641 Thread 0x000000001b122800 Exception <a 'java/lang/ClassNotFoundException': sun/net/www/protocol/e/Handler> (0x00000000e4d6a490) thrown at [C:\re\workspace\8-2-build-windows-amd64-cygwin\jdk8u74\6087\hotspot\src\share\vm\classfile\systemDictionary.cpp, line 210]

Events (10 events):
Event: 6187.176 Thread 0x000000001b122800 DEOPT UNPACKING pc=0x00000000026b582a sp=0x000000002fc2d6e0 mode 2
Event: 6187.176 Thread 0x0000000018603000 flushing nmethod 0x00000000037663d0
Event: 6187.176 Thread 0x0000000018603000 flushing nmethod 0x000000000379f050
Event: 6187.235 Thread 0x0000000018603000 flushing nmethod 0x0000000003ab3e10
Event: 6188.608 Executing VM operation: ParallelGCFailedAllocation
Event: 6188.678 Executing VM operation: ParallelGCFailedAllocation done
Event: 6193.641 loading class sun/net/www/protocol/e/Handler
Event: 6193.641 loading class sun/net/www/protocol/e/Handler done
Event: 6193.642 loading class sun/net/www/protocol/e/Handler
Event: 6193.642 loading class sun/net/www/protocol/e/Handler done


Dynamic libraries:
0x00007ff7d1e30000 - 0x00007ff7d1e67000 	D:\mydeveloper\jdk8\bin\java.exe
0x00007ffd79140000 - 0x00007ffd792e9000 	C:\Windows\SYSTEM32\ntdll.dll
0x00007ffd78b60000 - 0x00007ffd78c99000 	C:\Windows\system32\KERNEL32.DLL
0x00007ffd76220000 - 0x00007ffd7632e000 	C:\Windows\system32\KERNELBASE.dll
0x00007ffd78d20000 - 0x00007ffd78dc5000 	C:\Windows\system32\ADVAPI32.dll
0x00007ffd766e0000 - 0x00007ffd76851000 	C:\Windows\system32\USER32.dll
0x00007ffd74070000 - 0x00007ffd742ca000 	C:\Windows\WinSxS\amd64_microsoft.windows.common-controls_6595b64144ccf1df_6.0.9600.16384_none_62475f7becb72503\COMCTL32.dll
0x00007ffd78fe0000 - 0x00007ffd79087000 	C:\Windows\system32\msvcrt.dll
0x00007ffd76860000 - 0x00007ffd768b7000 	C:\Windows\SYSTEM32\sechost.dll
0x00007ffd76aa0000 - 0x00007ffd76bd6000 	C:\Windows\system32\RPCRT4.dll
0x00007ffd77100000 - 0x00007ffd77245000 	C:\Windows\system32\GDI32.dll
0x00007ffd76de0000 - 0x00007ffd76e14000 	C:\Windows\system32\IMM32.DLL
0x00007ffd78dd0000 - 0x00007ffd78f09000 	C:\Windows\system32\MSCTF.dll
0x000000006ec10000 - 0x000000006ece2000 	D:\mydeveloper\jdk8\jre\bin\msvcr100.dll
0x000000006f170000 - 0x000000006fa00000 	D:\mydeveloper\jdk8\jre\bin\server\jvm.dll
0x00007ffd716d0000 - 0x00007ffd716d9000 	C:\Windows\SYSTEM32\WSOCK32.dll
0x00007ffd76330000 - 0x00007ffd7634f000 	C:\Windows\system32\WINMM.dll
0x00007ffd73e30000 - 0x00007ffd73e3a000 	C:\Windows\SYSTEM32\VERSION.dll
0x00007ffd76be0000 - 0x00007ffd76be7000 	C:\Windows\system32\PSAPI.DLL
0x00007ffd78ca0000 - 0x00007ffd78cf8000 	C:\Windows\system32\WS2_32.dll
0x00007ffd761d0000 - 0x00007ffd761fa000 	C:\Windows\system32\WINMMBASE.dll
0x00007ffd78f10000 - 0x00007ffd78f19000 	C:\Windows\system32\NSI.dll
0x00007ffd76640000 - 0x00007ffd7668a000 	C:\Windows\SYSTEM32\cfgmgr32.dll
0x00007ffd761a0000 - 0x00007ffd761c6000 	C:\Windows\system32\DEVOBJ.dll
0x000000006f080000 - 0x000000006f08f000 	D:\mydeveloper\jdk8\jre\bin\verify.dll
0x000000006f050000 - 0x000000006f079000 	D:\mydeveloper\jdk8\jre\bin\java.dll
0x000000006f030000 - 0x000000006f046000 	D:\mydeveloper\jdk8\jre\bin\zip.dll
0x00007ffd77470000 - 0x00007ffd7887d000 	C:\Windows\system32\SHELL32.dll
0x00007ffd768c0000 - 0x00007ffd76a97000 	C:\Windows\SYSTEM32\combase.dll
0x00007ffd77410000 - 0x00007ffd77461000 	C:\Windows\system32\SHLWAPI.dll
0x00007ffd74cd0000 - 0x00007ffd74d71000 	C:\Windows\SYSTEM32\SHCORE.dll
0x00007ffd760f0000 - 0x00007ffd76104000 	C:\Windows\SYSTEM32\profapi.dll
0x00007ffd716b0000 - 0x00007ffd716c0000 	D:\mydeveloper\intellijIDEA\IntelliJ IDEA 2016.1\bin\breakgen64.dll
0x000000006f010000 - 0x000000006f02a000 	D:\mydeveloper\jdk8\jre\bin\net.dll
0x00007ffd75a00000 - 0x00007ffd75a58000 	C:\Windows\system32\mswsock.dll
0x000000006eff0000 - 0x000000006f001000 	D:\mydeveloper\jdk8\jre\bin\nio.dll
0x00007ffd75a60000 - 0x00007ffd75a7e000 	C:\Windows\SYSTEM32\CRYPTSP.dll
0x00007ffd756a0000 - 0x00007ffd756d5000 	C:\Windows\system32\rsaenh.dll
0x00007ffd75cb0000 - 0x00007ffd75cd6000 	C:\Windows\SYSTEM32\bcrypt.dll
0x00007ffd757b0000 - 0x00007ffd757cf000 	C:\Windows\SYSTEM32\USERENV.dll
0x00007ffd75fd0000 - 0x00007ffd7602e000 	C:\Windows\system32\bcryptprimitives.dll
0x00007ffd76030000 - 0x00007ffd7603a000 	C:\Windows\SYSTEM32\CRYPTBASE.dll
0x00007ffd712f0000 - 0x00007ffd71319000 	C:\Windows\SYSTEM32\IPHLPAPI.DLL
0x00007ffd712d0000 - 0x00007ffd712da000 	C:\Windows\SYSTEM32\WINNSI.DLL
0x00007ffd71fe0000 - 0x00007ffd71ff4000 	C:\Windows\SYSTEM32\dhcpcsvc6.DLL
0x00007ffd71f40000 - 0x00007ffd71f59000 	C:\Windows\SYSTEM32\dhcpcsvc.DLL
0x000000006edf0000 - 0x000000006edfd000 	D:\mydeveloper\jdk8\jre\bin\management.dll
0x00007ffd75810000 - 0x00007ffd758b3000 	C:\Windows\SYSTEM32\DNSAPI.dll
0x00007ffd69e00000 - 0x00007ffd69e09000 	C:\Windows\System32\rasadhlp.dll
0x00007ffd71150000 - 0x00007ffd711b7000 	C:\Windows\System32\fwpuclnt.dll
0x00007ffd6dca0000 - 0x00007ffd6dcb4000 	C:\Windows\system32\napinsp.dll
0x00007ffd6dc70000 - 0x00007ffd6dc89000 	C:\Windows\system32\pnrpnsp.dll
0x00007ffd71980000 - 0x00007ffd71999000 	C:\Windows\system32\NLAapi.dll
0x00007ffd6e5c0000 - 0x00007ffd6e5cc000 	C:\Windows\System32\winrnr.dll

VM Arguments:
jvm_args: -Dmaven.multiModuleProjectDirectory=E:\IDEAworkplace\bs3 -Dmaven.home=D:\mydeveloper\maven -Didea.modules.paths.file=C:\Users\Administrator\.IntelliJIdea2016.1\system\Maven\idea-projects-state-30982c9e.properties -Dclassworlds.conf=C:\Users\Administrator\AppData\Local\Temp\idea-996-mvn.conf -Didea.launcher.port=7534 -Didea.launcher.bin.path=D:\mydeveloper\intellijIDEA\IntelliJ IDEA 2016.1\bin -Dfile.encoding=UTF-8 
java_command: com.intellij.rt.execution.application.AppMain org.codehaus.classworlds.Launcher -Didea.version=2016.1 -s D:\mydeveloper\maven\conf\settings.xml clean -Djetty.port=9999 jetty:run
java_class_path (initial): D:\mydeveloper\maven\boot\plexus-classworlds-2.5.2.jar;D:\mydeveloper\intellijIDEA\IntelliJ IDEA 2016.1\lib\idea_rt.jar
Launcher Type: SUN_STANDARD

Environment Variables:
JAVA_HOME=D:\mydeveloper\jdk8
PATH=C:\ProgramData\Oracle\Java\javapath;C:\Windows\system32;C:\Windows;C:\Windows\System32\Wbem;C:\Windows\System32\WindowsPowerShell\v1.0\;C:\Program Files (x86)\NVIDIA Corporation\PhysX\Common;D:\mydeveloper\jdk8\bin;D:\mydeveloper\jdk8\jre\bin;D:\mydeveloper\androidDEV\sdkManager\platform-tools;D:\mydeveloper\androidDEV\sdkManager\tools;D:\mydeveloper\nodejs\;C:\Users\Administrator\AppData\Roaming\npm
USERNAME=Administrator
OS=Windows_NT
PROCESSOR_IDENTIFIER=Intel64 Family 6 Model 60 Stepping 3, GenuineIntel



---------------  S Y S T E M  ---------------

OS: Windows 8.1 , 64 bit Build 9600 (6.3.9600.16656)

CPU:total 4 (4 cores per cpu, 1 threads per core) family 6 model 60 stepping 3, cmov, cx8, fxsr, mmx, sse, sse2, sse3, ssse3, sse4.1, sse4.2, popcnt, avx, avx2, aes, clmul, erms, rtm, lzcnt, tsc, tscinvbit, bmi1, bmi2

Memory: 4k page, physical 8330228k(2597172k free), swap 8330228k(5020k free)

vm_info: Java HotSpot(TM) 64-Bit Server VM (25.74-b02) for windows-amd64 JRE (1.8.0_74-b02), built on Jan 29 2016 17:42:36 by "java_re" with MS VC++ 10.0 (VS2010)

time: Sat Apr 02 20:51:07 2016
elapsed time: 6193 seconds (0d 1h 43m 13s)

